<?xml version="1.0" encoding="UTF-8" ?>
<testsuite errors="0" failures="1" hostname="Yousef-M" name="login_register.OperationsTest" skipped="0" tests="1" time="0.591" timestamp="2022-05-07T09:31:16">
  <properties>
[...]
</properties>
  <testcase classname="login_register.OperationsTest" name="testIsLogin" time="0.442">
    <failure message="expected:&lt;false&gt; but was:&lt;true&gt;" type="junit.framework.AssertionFailedError">junit.framework.AssertionFailedError: expected:&lt;false&gt; but was:&lt;true&gt;
	at login_register.OperationsTest.testIsLogin(OperationsTest.java:57)
	at java.base/jdk.internal.reflect.NativeMethodAccessorImpl.invoke0(Native Method)
	at java.base/jdk.internal.reflect.NativeMethodAccessorImpl.invoke(NativeMethodAccessorImpl.java:62)
	at java.base/jdk.internal.reflect.DelegatingMethodAccessorImpl.invoke(DelegatingMethodAccessorImpl.java:43)
</failure>
  </testcase>
  <system-out><![CDATA[]]></system-out>
  <system-err><![CDATA[]]></system-err>
</testsuite>
